E, [2017-04-12T15:29:14.039552 #4660] ERROR -- Kitchen: ------Exception-------
E, [2017-04-12T15:29:14.039602 #4660] ERROR -- Kitchen: Class: Kitchen::UserError
E, [2017-04-12T15:29:14.039616 #4660] ERROR -- Kitchen: Message: Kitchen YAML file /home/steve/al-puppet/kitchenansible/roles/onetask/.kitchen.yml does not exist.
E, [2017-04-12T15:29:14.039626 #4660] ERROR -- Kitchen: ----------------------
E, [2017-04-12T15:29:14.039635 #4660] ERROR -- Kitchen: ------Backtrace-------
E, [2017-04-12T15:29:14.039643 #4660] ERROR -- Kitchen: /var/lib/gems/2.3.0/gems/test-kitchen-1.16.0/lib/kitchen/loader/yaml.rb:71:in `read'
E, [2017-04-12T15:29:14.039651 #4660] ERROR -- Kitchen: /var/lib/gems/2.3.0/gems/test-kitchen-1.16.0/lib/kitchen/config.rb:152:in `data'
E, [2017-04-12T15:29:14.039658 #4660] ERROR -- Kitchen: /var/lib/gems/2.3.0/gems/test-kitchen-1.16.0/lib/kitchen/config.rb:131:in `suites'
E, [2017-04-12T15:29:14.039666 #4660] ERROR -- Kitchen: /var/lib/gems/2.3.0/gems/test-kitchen-1.16.0/lib/kitchen/config.rb:182:in `filter_instances'
E, [2017-04-12T15:29:14.039674 #4660] ERROR -- Kitchen: /var/lib/gems/2.3.0/gems/test-kitchen-1.16.0/lib/kitchen/config.rb:141:in `build_instances'
E, [2017-04-12T15:29:14.039681 #4660] ERROR -- Kitchen: /var/lib/gems/2.3.0/gems/test-kitchen-1.16.0/lib/kitchen/config.rb:117:in `instances'
E, [2017-04-12T15:29:14.039689 #4660] ERROR -- Kitchen: /var/lib/gems/2.3.0/gems/test-kitchen-1.16.0/lib/kitchen/command.rb:112:in `filtered_instances'
E, [2017-04-12T15:29:14.039699 #4660] ERROR -- Kitchen: /var/lib/gems/2.3.0/gems/test-kitchen-1.16.0/lib/kitchen/command.rb:142:in `parse_subcommand'
E, [2017-04-12T15:29:14.039707 #4660] ERROR -- Kitchen: /var/lib/gems/2.3.0/gems/test-kitchen-1.16.0/lib/kitchen/command/login.rb:29:in `call'
E, [2017-04-12T15:29:14.039715 #4660] ERROR -- Kitchen: /var/lib/gems/2.3.0/gems/test-kitchen-1.16.0/lib/kitchen/cli.rb:53:in `perform'
E, [2017-04-12T15:29:14.039723 #4660] ERROR -- Kitchen: /var/lib/gems/2.3.0/gems/test-kitchen-1.16.0/lib/kitchen/cli.rb:241:in `login'
E, [2017-04-12T15:29:14.039730 #4660] ERROR -- Kitchen: /var/lib/gems/2.3.0/gems/thor-0.19.1/lib/thor/command.rb:27:in `run'
E, [2017-04-12T15:29:14.039738 #4660] ERROR -- Kitchen: /var/lib/gems/2.3.0/gems/thor-0.19.1/lib/thor/invocation.rb:126:in `invoke_command'
E, [2017-04-12T15:29:14.039746 #4660] ERROR -- Kitchen: /var/lib/gems/2.3.0/gems/test-kitchen-1.16.0/lib/kitchen/cli.rb:334:in `invoke_task'
E, [2017-04-12T15:29:14.039754 #4660] ERROR -- Kitchen: /var/lib/gems/2.3.0/gems/thor-0.19.1/lib/thor.rb:359:in `dispatch'
E, [2017-04-12T15:29:14.039762 #4660] ERROR -- Kitchen: /var/lib/gems/2.3.0/gems/thor-0.19.1/lib/thor/base.rb:440:in `start'
E, [2017-04-12T15:29:14.039771 #4660] ERROR -- Kitchen: /var/lib/gems/2.3.0/gems/test-kitchen-1.16.0/bin/kitchen:13:in `block in <top (required)>'
E, [2017-04-12T15:29:14.039779 #4660] ERROR -- Kitchen: /var/lib/gems/2.3.0/gems/test-kitchen-1.16.0/lib/kitchen/errors.rb:171:in `with_friendly_errors'
E, [2017-04-12T15:29:14.039792 #4660] ERROR -- Kitchen: /var/lib/gems/2.3.0/gems/test-kitchen-1.16.0/bin/kitchen:13:in `<top (required)>'
E, [2017-04-12T15:29:14.039800 #4660] ERROR -- Kitchen: /usr/local/bin/kitchen:23:in `load'
E, [2017-04-12T15:29:14.039808 #4660] ERROR -- Kitchen: /usr/local/bin/kitchen:23:in `<main>'
E, [2017-04-12T15:29:14.039815 #4660] ERROR -- Kitchen: ----End Backtrace-----
